Traceback (most recent call last):
  File "c:\users\asus\appdata\local\programs\python\python39\lib\site-packages\jupyter_core\utils\__init__.py", line 154, in wrapped
    asyncio.get_running_loop()
RuntimeError: no running event loop

During handling of the above exception, another exception occurred:

Traceback (most recent call last):
  File "c:\users\asus\appdata\local\programs\python\python39\lib\site-packages\jupyter_cache\executors\utils.py", line 58, in single_nb_execution
    executenb(
  File "c:\users\asus\appdata\local\programs\python\python39\lib\site-packages\nbclient\client.py", line 1319, in execute
    return NotebookClient(nb=nb, resources=resources, km=km, **kwargs).execute()
  File "c:\users\asus\appdata\local\programs\python\python39\lib\site-packages\jupyter_core\utils\__init__.py", line 158, in wrapped
    return loop.run_until_complete(inner)
  File "c:\users\asus\appdata\local\programs\python\python39\lib\asyncio\base_events.py", line 642, in run_until_complete
    return future.result()
  File "c:\users\asus\appdata\local\programs\python\python39\lib\site-packages\nbclient\client.py", line 709, in async_execute
    await self.async_execute_cell(
  File "c:\users\asus\appdata\local\programs\python\python39\lib\site-packages\nbclient\client.py", line 1062, in async_execute_cell
    await self._check_raise_for_error(cell, cell_index, exec_reply)
  File "c:\users\asus\appdata\local\programs\python\python39\lib\site-packages\nbclient\client.py", line 918, in _check_raise_for_error
    raise CellExecutionError.from_cell_and_msg(cell, exec_reply_content)
nbclient.exceptions.CellExecutionError: An error occurred while executing the following cell:
------------------
from statistics import variance

import psycopg_binary
from math import sqrt
from itertools import count

from zmq import has

conn = psycopg.connect(
    host="localhost",
    dbname="pendat",
    user="postgres",
    password="rafif123",
    port = 5432
)

cur = conn.cursor()
cur.execute("SELECT * FROM data_iris")
potgress = cur.fetchall()

data = [list(row) for row in potgress]

nama_kolom = []
for i in cur.description:
    nama_kolom.append(i[0])

# def read_csv(file_path):
#     with open(file_path, mode='r') as file:
#         csv_reader = csv.reader(file,delimiter=';')
#         data = [row for row in csv_reader]
#     return data


def missing(data,colom):
    count = 0
    for row in data:
        if row[colom] == '' or row[colom] is None:
            count += 1
    return count

def mean(data,colom):
    hasil = 0
    count = 0
    for row in data:
        hasil += float(row[colom])
        count += 1
    
    hasil /= count
    hasil = round(hasil,3)
    return hasil

def mode(data,colom):
    count = {}
    for row in data:
        nilai = row[colom]
        if nilai in count:
            count[nilai] += 1
        else:
            count[nilai] = 1
    
    hasil = 0
    value_awal = 0
    for key,value in count.items():
        if value > value_awal:
            value_awal = value
            hasil = key    
    return hasil 

def median(data,colom):
    nilai = len(data)
    sort = []
    for row in data:
        sort.append(float(row[colom]))
    sort.sort()

    if nilai % 2 == 0:
        median1 = sort[nilai // 2]  
        median2  = sort[nilai // 2 - 1]
        hasil = (median1 + median2) / 2
    else:
        hasil = sort[nilai // 2]
    hasil = round(hasil,3)
    return hasil

def dispertion(data,colom):
    hasil = 0
    rata_rata = mean(data,colom)
    for row in data:
        nilai = float(row[colom])
        selisih = nilai - rata_rata
        hasil += selisih ** 2
    variance = hasil / (len(data) - 1)
    std = sqrt(variance)
    return std

def max(data,colom):
    hasil = 0
    for row in data:
        nilai = float(row[colom])
        if nilai > hasil:
            hasil = nilai
    return hasil

def min(data,colom):
    hasil = float(data[1][colom])
    for row in data:
        nilai = float(row[colom])
        if nilai < hasil:
            hasil = nilai
    return hasil

def deviation(data,colom):
    hasil = 0
    rata_rata = mean(data,colom)
    for row in data:
        nilai = float(row[colom])
        selisih = nilai - rata_rata
        hasil += selisih ** 2
    hasil /= len(data)
    hasil = round(hasil,3)
    return hasil


def normalisasi(data,colom):
    hasil = []
    rata_rata = mean(data,colom)
    deviasi = deviation(data,colom)
    for row in data:
        nilai = float(row[colom])
        normal = (nilai - rata_rata) / sqrt(deviasi)
        hasil.append(round(normal,3))
    
    for i in range(len(data)):
        data[i][colom] = hasil[i]
    return data

def euclidean(data):     
    for row_i in data:
        jarak = []
        for row_j in data:
            total_kuadrat = 0
            for k in range(len(data[0]) - 1):
                total_kuadrat += (float(row_i[k]) - float(row_j[k])) ** 2
            jarak.append(round(sqrt(total_kuadrat),3))
        print(jarak)

def manhattan(data):     
    for row_i in data:
        jarak = []
        for row_j in data:
            total_kuadrat = 0
            for k in range(len(data[0]) - 1):
                total_kuadrat += abs(float(row_i[k]) - float(row_j[k]))
            jarak.append(round(total_kuadrat,3))
        print(jarak)
------------------


[1;31m---------------------------------------------------------------------------[0m
[1;31mImportError[0m                               Traceback (most recent call last)
Cell [1;32mIn[1], line 3[0m
[0;32m      1[0m [38;5;28;01mfrom[39;00m[38;5;250m [39m[38;5;21;01mstatistics[39;00m[38;5;250m [39m[38;5;28;01mimport[39;00m variance
[1;32m----> 3[0m [38;5;28;01mimport[39;00m[38;5;250m [39m[38;5;21;01mpsycopg_binary[39;00m
[0;32m      4[0m [38;5;28;01mfrom[39;00m[38;5;250m [39m[38;5;21;01mmath[39;00m[38;5;250m [39m[38;5;28;01mimport[39;00m sqrt
[0;32m      5[0m [38;5;28;01mfrom[39;00m[38;5;250m [39m[38;5;21;01mitertools[39;00m[38;5;250m [39m[38;5;28;01mimport[39;00m count

File [1;32mc:\users\asus\appdata\local\programs\python\python39\lib\site-packages\psycopg_binary\__init__.py:43[0m
[0;32m     40[0m [38;5;66;03m# This package shouldn't be imported before psycopg itself, or weird things[39;00m
[0;32m     41[0m [38;5;66;03m# will happen[39;00m
[0;32m     42[0m [38;5;28;01mif[39;00m [38;5;124m"[39m[38;5;124mpsycopg[39m[38;5;124m"[39m [38;5;129;01mnot[39;00m [38;5;129;01min[39;00m sys[38;5;241m.[39mmodules:
[1;32m---> 43[0m     [38;5;28;01mraise[39;00m [38;5;167;01mImportError[39;00m([38;5;124m"[39m[38;5;124mthe psycopg package should be imported before psycopg_binary[39m[38;5;124m"[39m)
[0;32m     45[0m [38;5;28;01mfrom[39;00m[38;5;250m [39m[38;5;21;01m.[39;00m[38;5;21;01mversion[39;00m[38;5;250m [39m[38;5;28;01mimport[39;00m __version__ [38;5;28;01mas[39;00m __version__  [38;5;66;03m# noqa[39;00m

[1;31mImportError[0m: the psycopg package should be imported before psycopg_binary

