Traceback (most recent call last):
  File "c:\users\asus\appdata\local\programs\python\python39\lib\site-packages\jupyter_core\utils\__init__.py", line 154, in wrapped
    asyncio.get_running_loop()
RuntimeError: no running event loop

During handling of the above exception, another exception occurred:

Traceback (most recent call last):
  File "c:\users\asus\appdata\local\programs\python\python39\lib\site-packages\jupyter_cache\executors\utils.py", line 58, in single_nb_execution
    executenb(
  File "c:\users\asus\appdata\local\programs\python\python39\lib\site-packages\nbclient\client.py", line 1319, in execute
    return NotebookClient(nb=nb, resources=resources, km=km, **kwargs).execute()
  File "c:\users\asus\appdata\local\programs\python\python39\lib\site-packages\jupyter_core\utils\__init__.py", line 158, in wrapped
    return loop.run_until_complete(inner)
  File "c:\users\asus\appdata\local\programs\python\python39\lib\asyncio\base_events.py", line 642, in run_until_complete
    return future.result()
  File "c:\users\asus\appdata\local\programs\python\python39\lib\site-packages\nbclient\client.py", line 709, in async_execute
    await self.async_execute_cell(
  File "c:\users\asus\appdata\local\programs\python\python39\lib\site-packages\nbclient\client.py", line 1062, in async_execute_cell
    await self._check_raise_for_error(cell, cell_index, exec_reply)
  File "c:\users\asus\appdata\local\programs\python\python39\lib\site-packages\nbclient\client.py", line 918, in _check_raise_for_error
    raise CellExecutionError.from_cell_and_msg(cell, exec_reply_content)
nbclient.exceptions.CellExecutionError: An error occurred while executing the following cell:
------------------
import numpy as np
import matplotlib.pyplot as plt
from sklearn.linear_model import LinearRegression

# Data X (variabel independen)
x = np.array([2, 4, 3, 3, 3, 4, 5])

# Data Y (variabel dependen)
y = np.array([2, 3, 5, 4, 3, 5, 6])

# Ubah X menjadi matriks 2D (format yang diminta scikit-learn)
X = x.reshape(-1, 1)

# Membuat model Linear Regression
model = LinearRegression()

# Melatih model
model.fit(X, y)

# Mengambil koefisien regresi
beta_0 = model.intercept_   # Intercept (Î˛0)
beta_1 = model.coef_[0]     # Slope (Î˛1)


# Menampilkan persamaan regresi
print(f"\nPersamaan regresi:")
print(f"Y = {beta_0:.4f} + {beta_1:.4f}X")

# Prediksi nilai Y
y_pred = model.predict(X)

# Nilai R^2
r2 = model.score(X, y)

# ---------------------------
# Membuat grafik
# ---------------------------

# Scatter plot data asli
plt.scatter(x, y, label='Data Asli', s=80)

# Urutkan data agar garis regresi terlihat rapi
idx = np.argsort(x)
x_sorted = x[idx]
y_pred_sorted = y_pred[idx]

# Plot garis regresi
plt.plot(x_sorted, y_pred_sorted, linewidth=2,
         label=f'Garis Regresi: Y = {beta_0:.2f} + {beta_1:.2f}X')

# Judul dan label
plt.title('Linear Regression dengan Scikit-Learn')
plt.xlabel('X')
plt.ylabel('Y')
plt.legend()
plt.grid(True)

# Menampilkan grafik
plt.show()
------------------


[1;31m---------------------------------------------------------------------------[0m
[1;31mModuleNotFoundError[0m                       Traceback (most recent call last)
Cell [1;32mIn[1], line 3[0m
[0;32m      1[0m [38;5;28;01mimport[39;00m[38;5;250m [39m[38;5;21;01mnumpy[39;00m[38;5;250m [39m[38;5;28;01mas[39;00m[38;5;250m [39m[38;5;21;01mnp[39;00m
[0;32m      2[0m [38;5;28;01mimport[39;00m[38;5;250m [39m[38;5;21;01mmatplotlib[39;00m[38;5;21;01m.[39;00m[38;5;21;01mpyplot[39;00m[38;5;250m [39m[38;5;28;01mas[39;00m[38;5;250m [39m[38;5;21;01mplt[39;00m
[1;32m----> 3[0m [38;5;28;01mfrom[39;00m[38;5;250m [39m[38;5;21;01msklearn[39;00m[38;5;21;01m.[39;00m[38;5;21;01mlinear_model[39;00m[38;5;250m [39m[38;5;28;01mimport[39;00m LinearRegression
[0;32m      5[0m [38;5;66;03m# Data X (variabel independen)[39;00m
[0;32m      6[0m x [38;5;241m=[39m np[38;5;241m.[39marray([[38;5;241m2[39m, [38;5;241m4[39m, [38;5;241m3[39m, [38;5;241m3[39m, [38;5;241m3[39m, [38;5;241m4[39m, [38;5;241m5[39m])

[1;31mModuleNotFoundError[0m: No module named 'sklearn'

