Traceback (most recent call last):
  File "c:\users\asus\appdata\local\programs\python\python39\lib\site-packages\jupyter_core\utils\__init__.py", line 154, in wrapped
    asyncio.get_running_loop()
RuntimeError: no running event loop

During handling of the above exception, another exception occurred:

Traceback (most recent call last):
  File "c:\users\asus\appdata\local\programs\python\python39\lib\site-packages\jupyter_cache\executors\utils.py", line 58, in single_nb_execution
    executenb(
  File "c:\users\asus\appdata\local\programs\python\python39\lib\site-packages\nbclient\client.py", line 1319, in execute
    return NotebookClient(nb=nb, resources=resources, km=km, **kwargs).execute()
  File "c:\users\asus\appdata\local\programs\python\python39\lib\site-packages\jupyter_core\utils\__init__.py", line 158, in wrapped
    return loop.run_until_complete(inner)
  File "c:\users\asus\appdata\local\programs\python\python39\lib\asyncio\base_events.py", line 642, in run_until_complete
    return future.result()
  File "c:\users\asus\appdata\local\programs\python\python39\lib\site-packages\nbclient\client.py", line 709, in async_execute
    await self.async_execute_cell(
  File "c:\users\asus\appdata\local\programs\python\python39\lib\site-packages\nbclient\client.py", line 1062, in async_execute_cell
    await self._check_raise_for_error(cell, cell_index, exec_reply)
  File "c:\users\asus\appdata\local\programs\python\python39\lib\site-packages\nbclient\client.py", line 918, in _check_raise_for_error
    raise CellExecutionError.from_cell_and_msg(cell, exec_reply_content)
nbclient.exceptions.CellExecutionError: An error occurred while executing the following cell:
------------------
import pandas as pd
import knime.scripting.io as knio
from sklearn.ensemble import RandomForestClassifier
from sklearn.model_selection import train_test_split
from sklearn.preprocessing import LabelEncoder
import pickle

df = knio.input_tables[0].to_pandas()

categorical_cols = ['Month', 'VisitorType', 'Weekend', 'Revenue']
encoders = {}

for col in categorical_cols:
    if col in df.columns:
        le = LabelEncoder()
        df[col] = le.fit_transform(df[col].astype(str))
        encoders[col] = le


X = df.drop(columns=['Revenue'])
y = df['Revenue']

X_train, X_test, y_train, y_test = train_test_split(X, y, test_size=0.3, random_state=42)


rf_model = RandomForestClassifier(n_estimators=200, random_state=42)
rf_model.fit(X_train, y_train)


y_pred = rf_model.predict(X_test)
output_df = X_test.copy()


for col in ['Month', 'VisitorType', 'Weekend']:
    if col in output_df.columns:
        output_df[col] = encoders[col].inverse_transform(output_df[col])


output_df['Revenue'] = encoders['Revenue'].inverse_transform(y_test)
output_df['Prediction (Revenue)'] = encoders['Revenue'].inverse_transform(y_pred)


knio.output_tables[0] = knio.Table.from_pandas(output_df)
model_bytes = pickle.dumps(rf_model)
knio.output_objects[0] = model_bytes
------------------


[1;31m---------------------------------------------------------------------------[0m
[1;31mModuleNotFoundError[0m                       Traceback (most recent call last)
Cell [1;32mIn[2], line 2[0m
[0;32m      1[0m [38;5;28;01mimport[39;00m[38;5;250m [39m[38;5;21;01mpandas[39;00m[38;5;250m [39m[38;5;28;01mas[39;00m[38;5;250m [39m[38;5;21;01mpd[39;00m
[1;32m----> 2[0m [38;5;28;01mimport[39;00m[38;5;250m [39m[38;5;21;01mknime[39;00m[38;5;21;01m.[39;00m[38;5;21;01mscripting[39;00m[38;5;21;01m.[39;00m[38;5;21;01mio[39;00m[38;5;250m [39m[38;5;28;01mas[39;00m[38;5;250m [39m[38;5;21;01mknio[39;00m
[0;32m      3[0m [38;5;28;01mfrom[39;00m[38;5;250m [39m[38;5;21;01msklearn[39;00m[38;5;21;01m.[39;00m[38;5;21;01mensemble[39;00m[38;5;250m [39m[38;5;28;01mimport[39;00m RandomForestClassifier
[0;32m      4[0m [38;5;28;01mfrom[39;00m[38;5;250m [39m[38;5;21;01msklearn[39;00m[38;5;21;01m.[39;00m[38;5;21;01mmodel_selection[39;00m[38;5;250m [39m[38;5;28;01mimport[39;00m train_test_split

[1;31mModuleNotFoundError[0m: No module named 'knime'

